#
# There is insufficient memory for the Java Runtime Environment to continue.
# Native memory allocation (malloc) failed to allocate 368648 bytes for Chunk::new
# Possible reasons:
#   The system is out of physical RAM or swap space
#   In 32 bit mode, the process size limit was hit
# Possible solutions:
#   Reduce memory load on the system
#   Increase physical memory or swap space
#   Check if swap backing store is full
#   Use 64 bit Java on a 64 bit OS
#   Decrease Java heap size (-Xmx/-Xms)
#   Decrease number of Java threads
#   Decrease Java thread stack sizes (-Xss)
#   Set larger code cache with -XX:ReservedCodeCacheSize=
# This output file may be truncated or incomplete.
#
#  Out of Memory Error (allocation.cpp:390), pid=5828, tid=0x00001ae0
#
# JRE version:  (8.0_121-b13) (build )
# Java VM: Java HotSpot(TM) Client VM (25.121-b13 mixed mode windows-x86 )
# Failed to write core dump. Minidumps are not enabled by default on client versions of Windows
#

---------------  T H R E A D  ---------------

Current thread (0x0020d000):  JavaThread "Unknown thread" [_thread_in_vm, id=6880, stack(0x026c0000,0x02710000)]

Stack: [0x026c0000,0x02710000],  sp=0x0270fa0c,  free space=318k
Native frames: (J=compiled Java code, j=interpreted, Vv=VM code, C=native code)
V  [jvm.dll+0x1aa3bb]
V  [jvm.dll+0x1a2bf8]
V  [jvm.dll+0x8cd41]
V  [jvm.dll+0x8d2e7]
V  [jvm.dll+0x4bb5a]
V  [jvm.dll+0xa9b40]
V  [jvm.dll+0x1593b4]
V  [jvm.dll+0x17d9db]
V  [jvm.dll+0xe6f91]
C  [java.exe+0x14c6]
C  [java.exe+0x203a]
C  [java.exe+0xae9f]
C  [java.exe+0xaf29]
C  [kernel32.dll+0x1336a]
C  [ntdll.dll+0x39902]
C  [ntdll.dll+0x398d5]
C  0x00000000


---------------  P R O C E S S  ---------------

Java Threads: ( => current thread )

Other Threads:

=>0x0020d000 (exited) JavaThread "Unknown thread" [_thread_in_vm, id=6880, stack(0x026c0000,0x02710000)]

VM state:not at safepoint (not fully initialized)

VM Mutex/Monitor currently owned by a thread: None

GC Heap History (0 events):
No events

Deoptimization events (0 events):
No events

Internal exceptions (0 events):
No events

Events (0 events):
No events


Dynamic libraries:
0x00380000 - 0x003b3000 	E:\jinhui_workspace\Java\jdk1.8.0_121\bin\java.exe
0x76fb0000 - 0x77130000 	C:\Windows\SysWOW64\ntdll.dll
0x76aa0000 - 0x76bb0000 	C:\Windows\syswow64\kernel32.dll
0x75a60000 - 0x75aa7000 	C:\Windows\syswow64\KERNELBASE.dll
0x76430000 - 0x764d1000 	C:\Windows\syswow64\ADVAPI32.dll
0x76910000 - 0x769bc000 	C:\Windows\syswow64\msvcrt.dll
0x759a0000 - 0x759b9000 	C:\Windows\SysWOW64\sechost.dll
0x762a0000 - 0x76390000 	C:\Windows\syswow64\RPCRT4.dll
0x74aa0000 - 0x74b00000 	C:\Windows\syswow64\SspiCli.dll
0x74a90000 - 0x74a9c000 	C:\Windows\syswow64\CRYPTBASE.dll
0x766b0000 - 0x767b0000 	C:\Windows\syswow64\USER32.dll
0x76060000 - 0x760f0000 	C:\Windows\syswow64\GDI32.dll
0x75a50000 - 0x75a5a000 	C:\Windows\syswow64\LPK.dll
0x76390000 - 0x7642d000 	C:\Windows\syswow64\USP10.dll
0x703f0000 - 0x7058e000 	C:\Windows\WinSxS\x86_microsoft.windows.common-controls_6595b64144ccf1df_6.0.7601.18837_none_41e855142bd5705d\COMCTL32.dll
0x75c10000 - 0x75c67000 	C:\Windows\syswow64\SHLWAPI.dll
0x76a40000 - 0x76aa0000 	C:\Windows\system32\IMM32.DLL
0x75cd0000 - 0x75d9c000 	C:\Windows\syswow64\MSCTF.dll
0x62080000 - 0x6213f000 	E:\jinhui_workspace\Java\jdk1.8.0_121\jre\bin\msvcr100.dll
0x5abf0000 - 0x5afbe000 	E:\jinhui_workspace\Java\jdk1.8.0_121\jre\bin\client\jvm.dll
0x6c8a0000 - 0x6c8a7000 	C:\Windows\system32\WSOCK32.dll
0x74d10000 - 0x74d45000 	C:\Windows\syswow64\WS2_32.dll
0x75ab0000 - 0x75ab6000 	C:\Windows\syswow64\NSI.dll
0x73200000 - 0x73232000 	C:\Windows\system32\WINMM.dll
0x749c0000 - 0x749c9000 	C:\Windows\system32\VERSION.dll
0x76f80000 - 0x76f85000 	C:\Windows\syswow64\PSAPI.DLL
0x73d50000 - 0x73d5c000 	E:\jinhui_workspace\Java\jdk1.8.0_121\jre\bin\verify.dll
0x6c810000 - 0x6c831000 	E:\jinhui_workspace\Java\jdk1.8.0_121\jre\bin\java.dll
0x6c7f0000 - 0x6c803000 	E:\jinhui_workspace\Java\jdk1.8.0_121\jre\bin\zip.dll
0x701e0000 - 0x702cb000 	C:\Windows\system32\dbghelp.dll

VM Arguments:
jvm_args: -Djava.awt.headless=true -Xmx1024M -Dfile.encoding=GBK -Duser.country=CN -Duser.language=zh -Duser.variant 
java_command: com.android.dx.command.Main --dex --num-threads=4 --output C:\Users\Administrator\Desktop\DianYou\app\build\intermediates\pre-dexed\release\classes_ddc97bcb51b362c9a7713d4507cc8b2428beee7d.jar C:\Users\Administrator\.android\build-cache\b6de7b5773cf2e8adc8b4381508c120b1f62fa9f\output\jars\classes.jar
java_class_path (initial): D:\Android\sdk\build-tools\25.0.3\lib\dx.jar
Launcher Type: SUN_STANDARD

Environment Variables:
CLASSPATH=C:\Users\Administrator\Desktop\DianYou\\gradle\wrapper\gradle-wrapper.jar
PATH=C:\Python27\;C:\Python27\Scripts;C:\Windows\system32;C:\Windows;C:\Windows\System32\Wbem;C:\Windows\System32\WindowsPowerShell\v1.0\;E:\jinhui_workspace\Java\jdk1.8.0_121\bin;C:\Program Files\Microsoft SQL Server\130\Tools\Binn\;C:\Python27;C:\Program Files\Git\cmd;C:\ProgramData\chocolatey\bin;E:\jinhui_workspace\Node.js\;D:\Android\sdk\tools;D:\Android\sdk\platform-tools;C:\Program Files\TortoiseGit\bin;C:\Windows\System32;%ANDROID_NDK%;%ANDROID_HOME%;E:\jinhui_workspace\cocos2d-x-3.15\templates;E:\jinhui_workspace\cocos2d-x-3.15\tools\cocos2d-console\bin;\cocos2d-x-3.14.1\templates;E:\jinhui_workspace\VSCode\Microsoft VS Code\bin;D:\Android\sdk\tools;D:\Android\sdk\platform-tools;D:\Android\Android Studio\gradle\gradle-3.2\BIN;%JAVA_HOME%;D:\Android\sdk;C:\Users\Administrator\AppData\Local\atom\bin;C:\Users\Administrator\AppData\Roaming\npm;D:\Android\sdk\android-ndk-r10e;D:\Android\sdk;
USERNAME=Administrator
OS=Windows_NT
PROCESSOR_IDENTIFIER=Intel64 Family 6 Model 94 Stepping 3, GenuineIntel



---------------  S Y S T E M  ---------------

OS: Windows 7 , 64 bit Build 7601 (6.1.7601.23864)

CPU:total 4 (4 cores per cpu, 1 threads per core) family 6 model 94 stepping 3, cmov, cx8, fxsr, mmx, sse, sse2, sse3, ssse3, sse4.1, sse4.2, popcnt, avx, avx2, aes, clmul, erms, 3dnowpref, lzcnt, tsc, tscinvbit, bmi1, bmi2, adx

Memory: 4k page, physical 8272300k(624380k free), swap 10367592k(2680k free)

vm_info: Java HotSpot(TM) Client VM (25.121-b13) for windows-x86 JRE (1.8.0_121-b13), built on Dec 12 2016 18:17:00 by "java_re" with MS VC++ 10.0 (VS2010)

time: Mon Sep 25 14:43:31 2017
elapsed time: 0 seconds (0d 0h 0m 0s)

