#
# There is insufficient memory for the Java Runtime Environment to continue.
# Native memory allocation (malloc) failed to allocate 32744 bytes for ChunkPool::allocate
# Possible reasons:
#   The system is out of physical RAM or swap space
#   In 32 bit mode, the process size limit was hit
# Possible solutions:
#   Reduce memory load on the system
#   Increase physical memory or swap space
#   Check if swap backing store is full
#   Use 64 bit Java on a 64 bit OS
#   Decrease Java heap size (-Xmx/-Xms)
#   Decrease number of Java threads
#   Decrease Java thread stack sizes (-Xss)
#   Set larger code cache with -XX:ReservedCodeCacheSize=
# This output file may be truncated or incomplete.
#
#  Out of Memory Error (allocation.cpp:273), pid=1344, tid=0x0000000000001174
#
# JRE version: OpenJDK Runtime Environment (8.0_112-b06) (build 1.8.0_112-release-b06)
# Java VM: OpenJDK 64-Bit Server VM (25.112-b06 mixed mode windows-amd64 compressed oops)
# Failed to write core dump. Minidumps are not enabled by default on client versions of Windows
#

---------------  T H R E A D  ---------------

Current thread (0x0000000056ab4000):  JavaThread "pool-2-thread-4" [_thread_in_vm, id=4468, stack(0x00000000579e0000,0x0000000057ae0000)]

Stack: [0x00000000579e0000,0x0000000057ae0000]
[error occurred during error reporting (printing stack bounds), id 0xc0000005]

Native frames: (J=compiled Java code, j=interpreted, Vv=VM code, C=native code)

Java frames: (J=compiled Java code, j=interpreted, Vv=VM code)
j  com.android.dx.cf.code.ValueAwareMachine.run(Lcom/android/dx/cf/code/Frame;II)V+0
j  com.android.dx.cf.code.RopperMachine.run(Lcom/android/dx/cf/code/Frame;II)V+34
j  com.android.dx.cf.code.Simulator$SimVisitor.visitConstant(IIILcom/android/dx/rop/cst/Constant;I)V+326
j  com.android.dx.cf.code.BytecodeArray.parseInstruction(ILcom/android/dx/cf/code/BytecodeArray$Visitor;)I+1224
j  com.android.dx.cf.code.Simulator.simulate(Lcom/android/dx/cf/code/ByteBlock;Lcom/android/dx/cf/code/Frame;)V+35
j  com.android.dx.cf.code.Ropper.processBlock(Lcom/android/dx/cf/code/ByteBlock;Lcom/android/dx/cf/code/Frame;[I)V+29
j  com.android.dx.cf.code.Ropper.doit()V+61
j  com.android.dx.cf.code.Ropper.convert(Lcom/android/dx/cf/code/ConcreteMethod;Lcom/android/dx/rop/code/TranslationAdvice;Lcom/android/dx/cf/iface/MethodList;)Lcom/android/dx/rop/code/RopMethod;+12
j  com.android.dx.dex.cf.CfTranslator.processMethods(Lcom/android/dx/cf/direct/DirectClassFile;Lcom/android/dx/dex/cf/CfOptions;Lcom/android/dx/dex/DexOptions;Lcom/android/dx/dex/file/ClassDefItem;Lcom/android/dx/dex/file/DexFile;)V+176
j  com.android.dx.dex.cf.CfTranslator.translate0(Lcom/android/dx/cf/direct/DirectClassFile;[BLcom/android/dx/dex/cf/CfOptions;Lcom/android/dx/dex/DexOptions;Lcom/android/dx/dex/file/DexFile;)Lcom/android/dx/dex/file/ClassDefItem;+120
j  com.android.dx.dex.cf.CfTranslator.translate(Lcom/android/dx/cf/direct/DirectClassFile;[BLcom/android/dx/dex/cf/CfOptions;Lcom/android/dx/dex/DexOptions;Lcom/android/dx/dex/file/DexFile;)Lcom/android/dx/dex/file/ClassDefItem;+6
j  com.android.dx.command.dexer.Main.translateClass([BLcom/android/dx/cf/direct/DirectClassFile;)Lcom/android/dx/dex/file/ClassDefItem;+17
j  com.android.dx.command.dexer.Main.access$2700([BLcom/android/dx/cf/direct/DirectClassFile;)Lcom/android/dx/dex/file/ClassDefItem;+2
j  com.android.dx.command.dexer.Main$ClassTranslatorTask.call()Lcom/android/dx/dex/file/ClassDefItem;+8
j  com.android.dx.command.dexer.Main$ClassTranslatorTask.call()Ljava/lang/Object;+1
j  java.util.concurrent.FutureTask.run()V+42
j  java.util.concurrent.ThreadPoolExecutor.runWorker(Ljava/util/concurrent/ThreadPoolExecutor$Worker;)V+95
j  java.util.concurrent.ThreadPoolExecutor$Worker.run()V+5
j  java.lang.Thread.run()V+11
v  ~StubRoutines::call_stub

---------------  P R O C E S S  ---------------

Java Threads: ( => current thread )
=>0x0000000056ab4000 JavaThread "pool-2-thread-4" [_thread_in_vm, id=4468, stack(0x00000000579e0000,0x0000000057ae0000)]
  0x0000000056aae000 JavaThread "pool-2-thread-3" [_thread_blocked, id=3916, stack(0x0000000057650000,0x0000000057750000)]
  0x0000000056977000 JavaThread "pool-2-thread-2" [_thread_blocked, id=7732, stack(0x0000000057760000,0x0000000057860000)]
  0x000000005697d000 JavaThread "pool-3-thread-1" [_thread_blocked, id=4556, stack(0x0000000057520000,0x0000000057620000)]
  0x000000005696d000 JavaThread "pool-2-thread-1" [_thread_blocked, id=8024, stack(0x00000000573d0000,0x00000000574d0000)]
  0x0000000056854000 JavaThread "Service Thread" daemon [_thread_blocked, id=7132, stack(0x0000000057220000,0x0000000057320000)]
  0x0000000056815800 JavaThread "C1 CompilerThread2" daemon [_thread_in_native, id=7624, stack(0x00000000570f0000,0x00000000571f0000)]
  0x00000000567cd000 JavaThread "C2 CompilerThread1" daemon [_thread_in_native, id=6132, stack(0x0000000056e90000,0x0000000056f90000)]
  0x00000000567b9000 JavaThread "C2 CompilerThread0" daemon [_thread_in_native, id=6120, stack(0x0000000056d50000,0x0000000056e50000)]
  0x00000000567b8800 JavaThread "Attach Listener" daemon [_thread_blocked, id=6240, stack(0x0000000056130000,0x0000000056230000)]
  0x0000000055100800 JavaThread "Signal Dispatcher" daemon [_thread_blocked, id=5208, stack(0x0000000056bc0000,0x0000000056cc0000)]
  0x00000000550eb000 JavaThread "Finalizer" daemon [_thread_blocked, id=6196, stack(0x00000000566b0000,0x00000000567b0000)]
  0x00000000550a4800 JavaThread "Reference Handler" daemon [_thread_blocked, id=5384, stack(0x0000000056490000,0x0000000056590000)]
  0x0000000002608000 JavaThread "main" [_thread_blocked, id=4164, stack(0x00000000027b0000,0x00000000028b0000)]

Other Threads:
  0x000000005509d000 VMThread [stack: 0x00000000562b0000,0x00000000563b0000] [id=4152]
  0x0000000056858000 WatcherThread [stack: 0x0000000056fa0000,0x00000000570a0000] [id=6808]

VM state:not at safepoint (normal execution)

VM Mutex/Monitor currently owned by a thread:  ([mutex/lock_event])
[0x0000000001c8dfe0] MethodData_lock - owner thread: 0x0000000056ab4000

Heap:
 PSYoungGen      total 38400K, used 12687K [0x00000000eab00000, 0x00000000ed580000, 0x0000000100000000)
  eden space 33280K, 38% used [0x00000000eab00000,0x00000000eb763e68,0x00000000ecb80000)
  from space 5120K, 0% used [0x00000000ed080000,0x00000000ed080000,0x00000000ed580000)
  to   space 5120K, 0% used [0x00000000ecb80000,0x00000000ecb80000,0x00000000ed080000)
 ParOldGen       total 87552K, used 0K [0x00000000c0000000, 0x00000000c5580000, 0x00000000eab00000)
  object space 87552K, 0% used [0x00000000c0000000,0x00000000c0000000,0x00000000c5580000)
 Metaspace       used 5305K, capacity 6512K, committed 6784K, reserved 1056768K
  class space    used 553K, capacity 616K, committed 640K, reserved 1048576K

Card table byte_map: [0x0000000011c70000,0x0000000011e80000] byte_map_base: 0x0000000011670000

Marking Bits: (ParMarkBitMap*) 0x0000000065d518f0
 Begin Bits: [0x0000000012510000, 0x0000000013510000)
 End Bits:   [0x0000000013510000, 0x0000000014510000)

Polling page: 0x0000000000330000

CodeCache: size=245760Kb used=2108Kb max_used=2119Kb free=243651Kb
 bounds [0x00000000028b0000, 0x0000000002b20000, 0x00000000118b0000]
 total_blobs=773 nmethods=511 adapters=176
 compilation: enabled

Compilation events (10 events):
Event: 0.668 Thread 0x0000000056815800 nmethod 506 0x0000000002abb850 code [0x0000000002abb9c0, 0x0000000002abbc28]
Event: 0.668 Thread 0x0000000056815800  505   !   3       com.android.dx.cf.code.BytecodeArray::parseInstruction (2764 bytes)
Event: 0.671 Thread 0x00000000567cd000  521       4       java.util.ArrayList::add (29 bytes)
Event: 0.671 Thread 0x00000000567b9000  526   !   4       com.android.dx.util.IntList::get (36 bytes)
Event: 0.671 Thread 0x00000000567b9000 nmethod 526 0x0000000002abb590 code [0x0000000002abb6c0, 0x0000000002abb758]
Event: 0.671 Thread 0x00000000567b9000  529       4       java.util.BitSet::nextSetBit (102 bytes)
Event: 0.672 Thread 0x00000000567b9000 nmethod 529 0x0000000002abdb10 code [0x0000000002abdc60, 0x0000000002abdd58]
Event: 0.672 Thread 0x00000000567b9000  530       4       com.android.dx.ssa.NormalSsaInsn::accept (25 bytes)
Event: 0.673 Thread 0x00000000567cd000 nmethod 521 0x0000000002abd450 code [0x0000000002abd5a0, 0x0000000002abd8b8]
Event: 0.673 Thread 0x00000000567cd000  531       4       com.android.dx.util.IntList::growIfNeeded (46 bytes)

GC Heap History (0 events):
No events

Deoptimization events (1 events):
Event: 0.675 Thread 0x0000000056ab4000 Uncommon trap: reason=unstable_if action=reinterpret pc=0x0000000002ab18ac method=java.util.HashMap.getNode(ILjava/lang/Object;)Ljava/util/HashMap$Node; @ 129

Internal exceptions (2 events):
Event: 0.034 Thread 0x0000000002608000 Exception <a 'java/lang/NoSuchMethodError': Method sun.misc.Unsafe.defineClass(Ljava/lang/String;[BII)Ljava/lang/Class; name or signature does not match> (0x00000000eab07c78) thrown at [C:\src\android\AOSP-openjdk\external\jetbrains\jdk\hotspot\src\share\vìà4ÛY¡?
Event: 0.034 Thread 0x0000000002608000 Exception <a 'java/lang/NoSuchMethodError': Method sun.misc.Unsafe.prefetchRead(Ljava/lang/Object;J)V name or signature does not match> (0x00000000eab07f60) thrown at [C:\src\android\AOSP-openjdk\external\jetbrains\jdk\hotspot\src\share\vm\prims\jni.cpp, l

Events (10 events):
Event: 0.666 loading class com/android/dx/dex/file/MethodIdItem done
Event: 0.666 loading class com/android/dx/cf/code/SwitchList
Event: 0.666 loading class com/android/dx/cf/code/SwitchList done
Event: 0.672 loading class com/android/dx/ssa/back/FirstFitLocalCombiningAllocator$Multiset
Event: 0.672 loading class com/android/dx/ssa/back/FirstFitLocalCombiningAllocator$Multiset done
Event: 0.673 loading class java/util/DualPivotQuicksort
Event: 0.673 loading class java/util/DualPivotQuicksort done
Event: 0.675 Thread 0x0000000056ab4000 Uncommon trap: trap_request=0xffffff65 fr.pc=0x0000000002ab18ac
Event: 0.675 Thread 0x0000000056ab4000 DEOPT PACKING pc=0x0000000002ab18ac sp=0x0000000057ade590
Event: 0.675 Thread 0x0000000056ab4000 DEOPT UNPACKING pc=0x00000000028f556a sp=0x0000000057ade518 mode 2


Dynamic libraries:
0x000000013fb90000 - 0x000000013fbc1000 	D:\Android\Android Studio\jre\bin\java.exe
0x0000000076dd0000 - 0x0000000076f7a000 	C:\Windows\SYSTEM32\ntdll.dll
0x0000000076bb0000 - 0x0000000076ccf000 	C:\Windows\system32\kernel32.dll
0x000007fefcfc0000 - 0x000007fefd02a000 	C:\Windows\system32\KERNELBASE.dll
0x000007fefd730000 - 0x000007fefd80b000 	C:\Windows\system32\ADVAPI32.dll
0x000007fefd9e0000 - 0x000007fefda7f000 	C:\Windows\system32\msvcrt.dll
0x000007fefdd00000 - 0x000007fefdd1f000 	C:\Windows\SYSTEM32\sechost.dll
0x000007fefdbd0000 - 0x000007fefdcfd000 	C:\Windows\system32\RPCRT4.dll
0x0000000076cd0000 - 0x0000000076dca000 	C:\Windows\system32\USER32.dll
0x000007fefd6c0000 - 0x000007fefd727000 	C:\Windows\system32\GDI32.dll
0x000007fefd6b0000 - 0x000007fefd6be000 	C:\Windows\system32\LPK.dll
0x000007fefe020000 - 0x000007fefe0eb000 	C:\Windows\system32\USP10.dll
0x000007fefb3c0000 - 0x000007fefb5b4000 	C:\Windows\WinSxS\amd64_microsoft.windows.common-controls_6595b64144ccf1df_6.0.7601.18837_none_fa3b1e3d17594757\COMCTL32.dll
0x000007fefdfa0000 - 0x000007fefe011000 	C:\Windows\system32\SHLWAPI.dll
0x000007fefd310000 - 0x000007fefd33e000 	C:\Windows\system32\IMM32.DLL
0x000007fefd5a0000 - 0x000007fefd6a9000 	C:\Windows\system32\MSCTF.dll
0x0000000078d00000 - 0x0000000078dd2000 	D:\Android\Android Studio\jre\jre\bin\msvcr100.dll
0x0000000065590000 - 0x0000000065dcc000 	D:\Android\Android Studio\jre\jre\bin\server\jvm.dll
0x000007fef5990000 - 0x000007fef5999000 	C:\Windows\system32\WSOCK32.dll
0x000007fefdd20000 - 0x000007fefdd6d000 	C:\Windows\system32\WS2_32.dll
0x000007fefdb60000 - 0x000007fefdb68000 	C:\Windows\system32\NSI.dll
0x000007fef8540000 - 0x000007fef857b000 	C:\Windows\system32\WINMM.dll
0x000007fefbe10000 - 0x000007fefbe1c000 	C:\Windows\system32\VERSION.dll
0x0000000076fa0000 - 0x0000000076fa7000 	C:\Windows\system32\PSAPI.DLL
0x000007feed4a0000 - 0x000007feed4af000 	D:\Android\Android Studio\jre\jre\bin\verify.dll
0x000007feecb90000 - 0x000007feecbb9000 	D:\Android\Android Studio\jre\jre\bin\java.dll
0x000007feed080000 - 0x000007feed096000 	D:\Android\Android Studio\jre\jre\bin\zip.dll
0x000007fefe350000 - 0x000007feff0db000 	C:\Windows\system32\SHELL32.dll
0x000007fefd110000 - 0x000007fefd30c000 	C:\Windows\system32\ole32.dll
0x000007fefcca0000 - 0x000007fefccaf000 	C:\Windows\system32\profapi.dll

VM Arguments:
jvm_args: -Djava.awt.headless=true -Xmx1024M -Dfile.encoding=GBK -Duser.country=CN -Duser.language=zh -Duser.variant 
java_command: com.android.dx.command.Main --dex --force-jumbo --num-threads=4 --multi-dex --output C:\Users\Administrator\Desktop\DianYou\app\build\intermediates\transforms\dex\debug\folders\1000\5\slice_2 C:\Users\Administrator\Desktop\DianYou\app\build\intermediates\transforms\instantRunSlicer\debug\folders\1\5\slice_2
java_class_path (initial): D:\Android\sdk\build-tools\25.0.3\lib\dx.jar
Launcher Type: SUN_STANDARD

Environment Variables:
PATH=C:\Python27\;C:\Python27\Scripts;C:\Windows\system32;C:\Windows;C:\Windows\System32\Wbem;C:\Windows\System32\WindowsPowerShell\v1.0\;E:\jinhui_workspace\Java\jdk1.8.0_121\bin;C:\Program Files\Microsoft SQL Server\130\Tools\Binn\;C:\Python27;C:\Program Files\Git\cmd;C:\ProgramData\chocolatey\bin;E:\jinhui_workspace\Node.js\;D:\Android\sdk\tools;D:\Android\sdk\platform-tools;C:\Program Files\TortoiseGit\bin;C:\Windows\System32;%ANDROID_NDK%;%ANDROID_HOME%;E:\jinhui_workspace\cocos2d-x-3.15\templates;E:\jinhui_workspace\cocos2d-x-3.15\tools\cocos2d-console\bin;\cocos2d-x-3.14.1\templates;E:\jinhui_workspace\VSCode\Microsoft VS Code\bin;D:\Android\sdk\tools;D:\Android\sdk\platform-tools;D:\Android\Android Studio\gradle\gradle-3.2\BIN;%JAVA_HOME%;D:\Android\sdk;C:\Users\Administrator\AppData\Local\atom\bin;C:\Users\Administrator\AppData\Roaming\npm;D:\Android\sdk\android-ndk-r10e;D:\Android\sdk;
USERNAME=Administrator
OS=Windows_NT
PROCESSOR_IDENTIFIER=Intel64 Family 6 Model 94 Stepping 3, GenuineIntel



---------------  S Y S T E M  ---------------

OS: Windows 7 , 64 bit Build 7601 (6.1.7601.23864)

CPU:total 4 (4 cores per cpu, 1 threads per core) family 6 model 94 stepping 3, cmov, cx8, fxsr, mmx, sse, sse2, sse3, ssse3, sse4.1, sse4.2, popcnt, avx, avx2, aes, clmul, erms, 3dnowpref, lzcnt, tsc, tscinvbit, bmi1, bmi2, adx

Memory: 4k page, physical 8272300k(1123176k free), swap 10367592k(5128k free)

vm_info: OpenJDK 64-Bit Server VM (25.112-b06) for windows-amd64 JRE (1.8.0_112-release-b06), built on Dec  8 2016 00:54:26 by "builder" with MS VC++ 10.0 (VS2010)

time: Mon Sep 25 14:29:08 2017
elapsed time: 0 seconds (0d 0h 0m 0s)

