#
# A fatal error has been detected by the Java Runtime Environment:
#
#  EXCEPTION_ACCESS_VIOLATION (0xc0000005) at pc=0x000000006577b947, pid=5136, tid=0x000000000000123c
#
# JRE version:  (8.0_112-b06) (build )
# Java VM: OpenJDK 64-Bit Server VM (25.112-b06 mixed mode windows-amd64 compressed oops)
# Problematic frame:
# V  [jvm.dll+0x1eb947]
#
# Failed to write core dump. Minidumps are not enabled by default on client versions of Windows
#
# If you would like to submit a bug report, please visit:
#   http://bugreport.java.com/bugreport/crash.jsp
#

---------------  T H R E A D  ---------------

Current thread (0x0000000002518000):  JavaThread "Unknown thread" [_thread_in_vm, id=4668, stack(0x0000000002860000,0x0000000002960000)]

siginfo: ExceptionCode=0xc0000005, writing address 0x00000000029591d0

Registers:
RAX=0x00000000029591d0, RBX=0x0000000000000007, RCX=0x0000000000006000, RDX=0x0000000000000004
RSP=0x000000000295f1d0, RBP=0x0000000000000000, RSI=0x000000000295f1d0, RDI=0x0000000000000007
R8 =0x0000000000000004, R9 =0x000000000263ed90, R10=0x00000000549a0ca8, R11=0x000000000286a138
R12=0x000000000263ed90, R13=0x0000000002518000, R14=0x000000000295f300, R15=0x00000000549a0ca8
RIP=0x000000006577b947, EFLAGS=0x0000000000010202

Top of Stack: (sp=0x000000000295f1d0)
0x000000000295f1d0:   0000000000000000 0000000065020000
0x000000000295f1e0:   0000000002518000 000000000263ed90
0x000000000295f1f0:   00000000ffffffff 000000006577c877
0x000000000295f200:   000000000295f300 00000000549a0ca8
0x000000000295f210:   0000000002518000 0000000000000000
0x000000000295f220:   00000000149b1098 0000000000000000
0x000000000295f230:   0000000000000000 000000006577f001
0x000000000295f240:   00000000549a0ca8 0000000002518000
0x000000000295f250:   0000000002972f20 0000000000000000
0x000000000295f260:   0000000055282f01 0000000000000000
0x000000000295f270:   0000000000000000 000000000263eae0
0x000000000295f280:   0000648f64136443 00000000549a0ca8
0x000000000295f290:   0000000002518000 00000000656614fb
0x000000000295f2a0:   000000000263f5c8 000000000263f5c8
0x000000000295f2b0:   000000000295f448 000000006559ad25
0x000000000295f2c0:   00000000549a7918 0000000065677058 

Instructions: (pc=0x000000006577b947)
0x000000006577b927:   48 89 6c 24 30 33 ed 66 90 e8 cb b8 07 00 ff c3
0x000000006577b937:   48 63 c8 48 8b c6 48 0f af cf 48 ff c7 48 2b c1
0x000000006577b947:   89 28 48 63 c3 48 3b 05 45 2c 57 00 7e db 48 8b
0x000000006577b957:   6c 24 30 48 8b 5c 24 38 48 8b 74 24 40 48 83 c4 


Register to memory mapping:

RAX=0x00000000029591d0 is pointing into the stack for thread: 0x0000000002518000
RBX=0x0000000000000007 is an unknown value
RCX=0x0000000000006000 is an unknown value
RDX=0x0000000000000004 is an unknown value
RSP=0x000000000295f1d0 is pointing into the stack for thread: 0x0000000002518000
RBP=0x0000000000000000 is an unknown value
RSI=0x000000000295f1d0 is pointing into the stack for thread: 0x0000000002518000
RDI=0x0000000000000007 is an unknown value
R8 =0x0000000000000004 is an unknown value
R9 =0x000000000263ed90 is an unknown value
R10={method} {0x00000000549a0cb0} '<clinit>' '()V' in 'java/lang/Object'
R11=0x000000000286a138 is pointing into the stack for thread: 0x0000000002518000
R12=0x000000000263ed90 is an unknown value
R13=0x0000000002518000 is a thread
R14=0x000000000295f300 is pointing into the stack for thread: 0x0000000002518000
R15={method} {0x00000000549a0cb0} '<clinit>' '()V' in 'java/lang/Object'


Stack: [0x0000000002860000,0x0000000002960000],  sp=0x000000000295f1d0,  free space=1020k
Native frames: (J=compiled Java code, j=interpreted, Vv=VM code, C=native code)


---------------  P R O C E S S  ---------------

Java Threads: ( => current thread )
=>0x0000000002518000 JavaThread "Unknown thread" [_thread_in_vm, id=4668, stack(0x0000000002860000,0x0000000002960000)]

Other Threads:
  0x0000000055328800 VMThread [stack: 0x0000000056300000,0x0000000056400000] [id=5784]

VM state:not at safepoint (normal execution)

VM Mutex/Monitor currently owned by a thread: None

Heap:
 PSYoungGen      total 38400K, used 665K [0x00000000eab00000, 0x00000000ed580000, 0x0000000100000000)
  eden space 33280K, 2% used [0x00000000eab00000,0x00000000eaba6670,0x00000000ecb80000)
  from space 5120K, 0% used [0x00000000ed080000,0x00000000ed080000,0x00000000ed580000)
  to   space 5120K, 0% used [0x00000000ecb80000,0x00000000ecb80000,0x00000000ed080000)
 ParOldGen       total 87552K, used 0K [0x00000000c0000000, 0x00000000c5580000, 0x00000000eab00000)
  object space 87552K, 0% used [0x00000000c0000000,0x00000000c0000000,0x00000000c5580000)
 Metaspace       used 776K, capacity 4480K, committed 4480K, reserved 1056768K
  class space    used 73K, capacity 384K, committed 384K, reserved 1048576K

Card table byte_map: [0x0000000011d20000,0x0000000011f30000] byte_map_base: 0x0000000011720000

Marking Bits: (ParMarkBitMap*) 0x0000000065d518f0
 Begin Bits: [0x00000000127a0000, 0x00000000137a0000)
 End Bits:   [0x00000000137a0000, 0x00000000147a0000)

Polling page: 0x00000000001c0000

CodeCache: size=245760Kb used=356Kb max_used=356Kb free=245403Kb
 bounds [0x0000000002960000, 0x0000000002bd0000, 0x0000000011960000]
 total_blobs=71 nmethods=0 adapters=48
 compilation: enabled

Compilation events (0 events):
No events

GC Heap History (0 events):
No events

Deoptimization events (0 events):
No events

Internal exceptions (0 events):
No events

Events (10 events):
Event: 0.021 loading class java/lang/Short done
Event: 0.021 loading class java/lang/Integer
Event: 0.021 loading class java/lang/Integer done
Event: 0.021 loading class java/lang/Long
Event: 0.021 loading class java/lang/Long done
Event: 0.021 loading class java/lang/NullPointerException
Event: 0.021 loading class java/lang/NullPointerException done
Event: 0.021 loading class java/lang/ArithmeticException
Event: 0.021 loading class java/lang/ArithmeticException done
Event: 0.022 Thread 0x0000000002518000 Thread added: 0x0000000002518000


Dynamic libraries:
0x000000013fb90000 - 0x000000013fbc1000 	D:\Android\Android Studio\jre\bin\java.exe
0x0000000076dd0000 - 0x0000000076f7a000 	C:\Windows\SYSTEM32\ntdll.dll
0x0000000076bb0000 - 0x0000000076ccf000 	C:\Windows\system32\kernel32.dll
0x000007fefcfc0000 - 0x000007fefd02a000 	C:\Windows\system32\KERNELBASE.dll
0x000007fefd730000 - 0x000007fefd80b000 	C:\Windows\system32\ADVAPI32.dll
0x000007fefd9e0000 - 0x000007fefda7f000 	C:\Windows\system32\msvcrt.dll
0x000007fefdd00000 - 0x000007fefdd1f000 	C:\Windows\SYSTEM32\sechost.dll
0x000007fefdbd0000 - 0x000007fefdcfd000 	C:\Windows\system32\RPCRT4.dll
0x0000000076cd0000 - 0x0000000076dca000 	C:\Windows\system32\USER32.dll
0x000007fefd6c0000 - 0x000007fefd727000 	C:\Windows\system32\GDI32.dll
0x000007fefd6b0000 - 0x000007fefd6be000 	C:\Windows\system32\LPK.dll
0x000007fefe020000 - 0x000007fefe0eb000 	C:\Windows\system32\USP10.dll
0x000007fefb3c0000 - 0x000007fefb5b4000 	C:\Windows\WinSxS\amd64_microsoft.windows.common-controls_6595b64144ccf1df_6.0.7601.18837_none_fa3b1e3d17594757\COMCTL32.dll
0x000007fefdfa0000 - 0x000007fefe011000 	C:\Windows\system32\SHLWAPI.dll
0x000007fefd310000 - 0x000007fefd33e000 	C:\Windows\system32\IMM32.DLL
0x000007fefd5a0000 - 0x000007fefd6a9000 	C:\Windows\system32\MSCTF.dll
0x0000000078d00000 - 0x0000000078dd2000 	D:\Android\Android Studio\jre\jre\bin\msvcr100.dll
0x0000000065590000 - 0x0000000065dcc000 	D:\Android\Android Studio\jre\jre\bin\server\jvm.dll
0x000007fef5990000 - 0x000007fef5999000 	C:\Windows\system32\WSOCK32.dll
0x000007fefdd20000 - 0x000007fefdd6d000 	C:\Windows\system32\WS2_32.dll
0x000007fefdb60000 - 0x000007fefdb68000 	C:\Windows\system32\NSI.dll
0x000007fef8540000 - 0x000007fef857b000 	C:\Windows\system32\WINMM.dll
0x000007fefbe10000 - 0x000007fefbe1c000 	C:\Windows\system32\VERSION.dll
0x0000000076fa0000 - 0x0000000076fa7000 	C:\Windows\system32\PSAPI.DLL
0x000007feed4a0000 - 0x000007feed4af000 	D:\Android\Android Studio\jre\jre\bin\verify.dll
0x000007feecb90000 - 0x000007feecbb9000 	D:\Android\Android Studio\jre\jre\bin\java.dll
0x000007feed080000 - 0x000007feed096000 	D:\Android\Android Studio\jre\jre\bin\zip.dll

VM Arguments:
jvm_args: -Djava.awt.headless=true -Xmx1024M -Dfile.encoding=GBK -Duser.country=CN -Duser.language=zh -Duser.variant 
java_command: com.android.dx.command.Main --dex --force-jumbo --num-threads=4 --multi-dex --output C:\Users\Administrator\Desktop\DianYou\app\build\intermediates\transforms\dex\debug\folders\1000\5\slice_1 C:\Users\Administrator\Desktop\DianYou\app\build\intermediates\transforms\instantRunSlicer\debug\folders\1\5\slice_1
java_class_path (initial): D:\Android\sdk\build-tools\25.0.3\lib\dx.jar
Launcher Type: SUN_STANDARD

Environment Variables:
PATH=C:\Python27\;C:\Python27\Scripts;C:\Windows\system32;C:\Windows;C:\Windows\System32\Wbem;C:\Windows\System32\WindowsPowerShell\v1.0\;E:\jinhui_workspace\Java\jdk1.8.0_121\bin;C:\Program Files\Microsoft SQL Server\130\Tools\Binn\;C:\Python27;C:\Program Files\Git\cmd;C:\ProgramData\chocolatey\bin;E:\jinhui_workspace\Node.js\;D:\Android\sdk\tools;D:\Android\sdk\platform-tools;C:\Program Files\TortoiseGit\bin;C:\Windows\System32;%ANDROID_NDK%;%ANDROID_HOME%;E:\jinhui_workspace\cocos2d-x-3.15\templates;E:\jinhui_workspace\cocos2d-x-3.15\tools\cocos2d-console\bin;\cocos2d-x-3.14.1\templates;E:\jinhui_workspace\VSCode\Microsoft VS Code\bin;D:\Android\sdk\tools;D:\Android\sdk\platform-tools;D:\Android\Android Studio\gradle\gradle-3.2\BIN;%JAVA_HOME%;D:\Android\sdk;C:\Users\Administrator\AppData\Local\atom\bin;C:\Users\Administrator\AppData\Roaming\npm;D:\Android\sdk\android-ndk-r10e;D:\Android\sdk;
USERNAME=Administrator
OS=Windows_NT
PROCESSOR_IDENTIFIER=Intel64 Family 6 Model 94 Stepping 3, GenuineIntel



---------------  S Y S T E M  ---------------

OS: Windows 7 , 64 bit Build 7601 (6.1.7601.23864)

CPU:total 4 (4 cores per cpu, 1 threads per core) family 6 model 94 stepping 3, cmov, cx8, fxsr, mmx, sse, sse2, sse3, ssse3, sse4.1, sse4.2, popcnt, avx, avx2, aes, clmul, erms, 3dnowpref, lzcnt, tsc, tscinvbit, bmi1, bmi2, adx

Memory: 4k page, physical 8272300k(1132420k free), swap 10367592k(4080k free)

vm_info: OpenJDK 64-Bit Server VM (25.112-b06) for windows-amd64 JRE (1.8.0_112-release-b06), built on Dec  8 2016 00:54:26 by "builder" with MS VC++ 10.0 (VS2010)

time: Mon Sep 25 14:30:58 2017
elapsed time: 0 seconds (0d 0h 0m 0s)

